::ffff:127.0.0.1 - - [Mon, 21 Mar 2016 14:59:45 GMT] "GET / HTTP/1.1" 302 36 "-" "-"
::1 - - [Mon, 21 Mar 2016 14:59:58 GMT] "GET / HTTP/1.1" 302 72 "-" "Mozilla/5.0 (Macintosh; Intel Mac OS X 10_11_2) AppleWebKit/537.36 (KHTML, like Gecko) Chrome/49.0.2623.87 Safari/537.36"
::1 - - [Mon, 21 Mar 2016 14:59:58 GMT] "GET /auth/provider HTTP/1.1" 302 0 "-" "Mozilla/5.0 (Macintosh; Intel Mac OS X 10_11_2) AppleWebKit/537.36 (KHTML, like Gecko) Chrome/49.0.2623.87 Safari/537.36"
::1 - - [Mon, 21 Mar 2016 14:59:59 GMT] "GET / HTTP/1.1" 302 72 "-" "Mozilla/5.0 (Macintosh; Intel Mac OS X 10_11_2) AppleWebKit/537.36 (KHTML, like Gecko) Chrome/49.0.2623.87 Safari/537.36"
::1 - - [Mon, 21 Mar 2016 14:59:59 GMT] "GET /auth/provider HTTP/1.1" 302 0 "-" "Mozilla/5.0 (Macintosh; Intel Mac OS X 10_11_2) AppleWebKit/537.36 (KHTML, like Gecko) Chrome/49.0.2623.87 Safari/537.36"
::1 - - [Mon, 21 Mar 2016 15:00:04 GMT] "GET / HTTP/1.1" 302 72 "-" "Mozilla/5.0 (Macintosh; Intel Mac OS X 10_11_2) AppleWebKit/537.36 (KHTML, like Gecko) Chrome/49.0.2623.87 Safari/537.36"
::1 - - [Mon, 21 Mar 2016 15:00:04 GMT] "GET /auth/provider HTTP/1.1" 302 0 "-" "Mozilla/5.0 (Macintosh; Intel Mac OS X 10_11_2) AppleWebKit/537.36 (KHTML, like Gecko) Chrome/49.0.2623.87 Safari/537.36"
::1 - - [Mon, 21 Mar 2016 15:00:17 GMT] "GET /auth/provider/callback?code=bqV1B4 HTTP/1.1" 302 64 "http://www.codingera.com:8080/login" "Mozilla/5.0 (Macintosh; Intel Mac OS X 10_11_2) AppleWebKit/537.36 (KHTML, like Gecko) Chrome/49.0.2623.87 Safari/537.36"
::1 - - [Mon, 21 Mar 2016 15:00:17 GMT] "GET / HTTP/1.1" 302 72 "http://www.codingera.com:8080/login" "Mozilla/5.0 (Macintosh; Intel Mac OS X 10_11_2) AppleWebKit/537.36 (KHTML, like Gecko) Chrome/49.0.2623.87 Safari/537.36"
::1 - - [Mon, 21 Mar 2016 15:00:17 GMT] "GET /auth/provider HTTP/1.1" 302 0 "http://www.codingera.com:8080/login" "Mozilla/5.0 (Macintosh; Intel Mac OS X 10_11_2) AppleWebKit/537.36 (KHTML, like Gecko) Chrome/49.0.2623.87 Safari/537.36"
::1 - - [Mon, 21 Mar 2016 15:00:18 GMT] "GET /auth/provider/callback?code=UsxuQA HTTP/1.1" 302 64 "http://www.codingera.com:8080/login" "Mozilla/5.0 (Macintosh; Intel Mac OS X 10_11_2) AppleWebKit/537.36 (KHTML, like Gecko) Chrome/49.0.2623.87 Safari/537.36"
::1 - - [Mon, 21 Mar 2016 15:00:18 GMT] "GET / HTTP/1.1" 302 72 "http://www.codingera.com:8080/login" "Mozilla/5.0 (Macintosh; Intel Mac OS X 10_11_2) AppleWebKit/537.36 (KHTML, like Gecko) Chrome/49.0.2623.87 Safari/537.36"
::1 - - [Mon, 21 Mar 2016 15:00:18 GMT] "GET /auth/provider HTTP/1.1" 302 0 "http://www.codingera.com:8080/login" "Mozilla/5.0 (Macintosh; Intel Mac OS X 10_11_2) AppleWebKit/537.36 (KHTML, like Gecko) Chrome/49.0.2623.87 Safari/537.36"
::1 - - [Mon, 21 Mar 2016 15:00:18 GMT] "GET /auth/provider/callback?code=KUv0kr HTTP/1.1" 302 64 "http://www.codingera.com:8080/login" "Mozilla/5.0 (Macintosh; Intel Mac OS X 10_11_2) AppleWebKit/537.36 (KHTML, like Gecko) Chrome/49.0.2623.87 Safari/537.36"
::1 - - [Mon, 21 Mar 2016 15:00:18 GMT] "GET / HTTP/1.1" 302 72 "http://www.codingera.com:8080/login" "Mozilla/5.0 (Macintosh; Intel Mac OS X 10_11_2) AppleWebKit/537.36 (KHTML, like Gecko) Chrome/49.0.2623.87 Safari/537.36"
::1 - - [Mon, 21 Mar 2016 15:00:19 GMT] "GET /auth/provider HTTP/1.1" 302 0 "http://www.codingera.com:8080/login" "Mozilla/5.0 (Macintosh; Intel Mac OS X 10_11_2) AppleWebKit/537.36 (KHTML, like Gecko) Chrome/49.0.2623.87 Safari/537.36"
::1 - - [Mon, 21 Mar 2016 15:00:19 GMT] "GET /auth/provider/callback?code=OJXti3 HTTP/1.1" 302 64 "http://www.codingera.com:8080/login" "Mozilla/5.0 (Macintosh; Intel Mac OS X 10_11_2) AppleWebKit/537.36 (KHTML, like Gecko) Chrome/49.0.2623.87 Safari/537.36"
::1 - - [Mon, 21 Mar 2016 15:00:19 GMT] "GET / HTTP/1.1" 302 72 "http://www.codingera.com:8080/login" "Mozilla/5.0 (Macintosh; Intel Mac OS X 10_11_2) AppleWebKit/537.36 (KHTML, like Gecko) Chrome/49.0.2623.87 Safari/537.36"
::1 - - [Mon, 21 Mar 2016 15:00:19 GMT] "GET /auth/provider HTTP/1.1" 302 0 "http://www.codingera.com:8080/login" "Mozilla/5.0 (Macintosh; Intel Mac OS X 10_11_2) AppleWebKit/537.36 (KHTML, like Gecko) Chrome/49.0.2623.87 Safari/537.36"
::1 - - [Mon, 21 Mar 2016 15:00:20 GMT] "GET /auth/provider/callback?code=Q1sD7F HTTP/1.1" 302 64 "http://www.codingera.com:8080/login" "Mozilla/5.0 (Macintosh; Intel Mac OS X 10_11_2) AppleWebKit/537.36 (KHTML, like Gecko) Chrome/49.0.2623.87 Safari/537.36"
::1 - - [Mon, 21 Mar 2016 15:00:20 GMT] "GET / HTTP/1.1" 302 72 "http://www.codingera.com:8080/login" "Mozilla/5.0 (Macintosh; Intel Mac OS X 10_11_2) AppleWebKit/537.36 (KHTML, like Gecko) Chrome/49.0.2623.87 Safari/537.36"
::1 - - [Mon, 21 Mar 2016 15:00:20 GMT] "GET /auth/provider HTTP/1.1" 302 0 "http://www.codingera.com:8080/login" "Mozilla/5.0 (Macintosh; Intel Mac OS X 10_11_2) AppleWebKit/537.36 (KHTML, like Gecko) Chrome/49.0.2623.87 Safari/537.36"
::1 - - [Mon, 21 Mar 2016 15:00:21 GMT] "GET /auth/provider/callback?code=yyU8V2 HTTP/1.1" 302 64 "-" "Mozilla/5.0 (Macintosh; Intel Mac OS X 10_11_2) AppleWebKit/537.36 (KHTML, like Gecko) Chrome/49.0.2623.87 Safari/537.36"
::1 - - [Mon, 21 Mar 2016 15:00:21 GMT] "GET / HTTP/1.1" 302 72 "-" "Mozilla/5.0 (Macintosh; Intel Mac OS X 10_11_2) AppleWebKit/537.36 (KHTML, like Gecko) Chrome/49.0.2623.87 Safari/537.36"
::1 - - [Mon, 21 Mar 2016 15:00:21 GMT] "GET /auth/provider HTTP/1.1" 302 0 "-" "Mozilla/5.0 (Macintosh; Intel Mac OS X 10_11_2) AppleWebKit/537.36 (KHTML, like Gecko) Chrome/49.0.2623.87 Safari/537.36"
::1 - - [Mon, 21 Mar 2016 15:00:22 GMT] "GET /auth/provider/callback?code=FdEHlI HTTP/1.1" 302 64 "-" "Mozilla/5.0 (Macintosh; Intel Mac OS X 10_11_2) AppleWebKit/537.36 (KHTML, like Gecko) Chrome/49.0.2623.87 Safari/537.36"
::1 - - [Mon, 21 Mar 2016 15:00:22 GMT] "GET / HTTP/1.1" 302 72 "-" "Mozilla/5.0 (Macintosh; Intel Mac OS X 10_11_2) AppleWebKit/537.36 (KHTML, like Gecko) Chrome/49.0.2623.87 Safari/537.36"
::1 - - [Mon, 21 Mar 2016 15:00:22 GMT] "GET /auth/provider HTTP/1.1" 302 0 "-" "Mozilla/5.0 (Macintosh; Intel Mac OS X 10_11_2) AppleWebKit/537.36 (KHTML, like Gecko) Chrome/49.0.2623.87 Safari/537.36"
::1 - - [Mon, 21 Mar 2016 15:00:23 GMT] "GET /auth/provider/callback?code=fE5Ljm HTTP/1.1" 302 64 "-" "Mozilla/5.0 (Macintosh; Intel Mac OS X 10_11_2) AppleWebKit/537.36 (KHTML, like Gecko) Chrome/49.0.2623.87 Safari/537.36"
::1 - - [Mon, 21 Mar 2016 15:00:23 GMT] "GET / HTTP/1.1" 302 72 "-" "Mozilla/5.0 (Macintosh; Intel Mac OS X 10_11_2) AppleWebKit/537.36 (KHTML, like Gecko) Chrome/49.0.2623.87 Safari/537.36"
::1 - - [Mon, 21 Mar 2016 15:00:23 GMT] "GET /auth/provider HTTP/1.1" 302 0 "-" "Mozilla/5.0 (Macintosh; Intel Mac OS X 10_11_2) AppleWebKit/537.36 (KHTML, like Gecko) Chrome/49.0.2623.87 Safari/537.36"
::1 - - [Mon, 21 Mar 2016 15:00:24 GMT] "GET /auth/provider/callback?code=lfYJWF HTTP/1.1" 302 64 "-" "Mozilla/5.0 (Macintosh; Intel Mac OS X 10_11_2) AppleWebKit/537.36 (KHTML, like Gecko) Chrome/49.0.2623.87 Safari/537.36"
::1 - - [Mon, 21 Mar 2016 15:00:24 GMT] "GET / HTTP/1.1" 302 72 "-" "Mozilla/5.0 (Macintosh; Intel Mac OS X 10_11_2) AppleWebKit/537.36 (KHTML, like Gecko) Chrome/49.0.2623.87 Safari/537.36"
::1 - - [Mon, 21 Mar 2016 15:00:24 GMT] "GET /auth/provider HTTP/1.1" 302 0 "-" "Mozilla/5.0 (Macintosh; Intel Mac OS X 10_11_2) AppleWebKit/537.36 (KHTML, like Gecko) Chrome/49.0.2623.87 Safari/537.36"
::1 - - [Mon, 21 Mar 2016 15:00:25 GMT] "GET / HTTP/1.1" 302 72 "-" "Mozilla/5.0 (Macintosh; Intel Mac OS X 10_11_2) AppleWebKit/537.36 (KHTML, like Gecko) Chrome/49.0.2623.87 Safari/537.36"
::1 - - [Mon, 21 Mar 2016 15:00:25 GMT] "GET /auth/provider HTTP/1.1" 302 0 "-" "Mozilla/5.0 (Macintosh; Intel Mac OS X 10_11_2) AppleWebKit/537.36 (KHTML, like Gecko) Chrome/49.0.2623.87 Safari/537.36"
::1 - - [Mon, 21 Mar 2016 15:00:25 GMT] "GET /auth/provider/callback?code=6S4H7b HTTP/1.1" 302 64 "-" "Mozilla/5.0 (Macintosh; Intel Mac OS X 10_11_2) AppleWebKit/537.36 (KHTML, like Gecko) Chrome/49.0.2623.87 Safari/537.36"
::1 - - [Mon, 21 Mar 2016 15:00:25 GMT] "GET / HTTP/1.1" 302 72 "-" "Mozilla/5.0 (Macintosh; Intel Mac OS X 10_11_2) AppleWebKit/537.36 (KHTML, like Gecko) Chrome/49.0.2623.87 Safari/537.36"
::1 - - [Mon, 21 Mar 2016 15:00:25 GMT] "GET /auth/provider HTTP/1.1" 302 0 "-" "Mozilla/5.0 (Macintosh; Intel Mac OS X 10_11_2) AppleWebKit/537.36 (KHTML, like Gecko) Chrome/49.0.2623.87 Safari/537.36"
::1 - - [Mon, 21 Mar 2016 15:00:26 GMT] "GET / HTTP/1.1" 302 72 "-" "Mozilla/5.0 (Macintosh; Intel Mac OS X 10_11_2) AppleWebKit/537.36 (KHTML, like Gecko) Chrome/49.0.2623.87 Safari/537.36"
::1 - - [Mon, 21 Mar 2016 15:00:26 GMT] "GET /auth/provider HTTP/1.1" 302 0 "-" "Mozilla/5.0 (Macintosh; Intel Mac OS X 10_11_2) AppleWebKit/537.36 (KHTML, like Gecko) Chrome/49.0.2623.87 Safari/537.36"
::1 - - [Mon, 21 Mar 2016 15:00:26 GMT] "GET /auth/provider/callback?code=3kFXl9 HTTP/1.1" 302 64 "-" "Mozilla/5.0 (Macintosh; Intel Mac OS X 10_11_2) AppleWebKit/537.36 (KHTML, like Gecko) Chrome/49.0.2623.87 Safari/537.36"
::1 - - [Mon, 21 Mar 2016 15:00:26 GMT] "GET / HTTP/1.1" 302 72 "-" "Mozilla/5.0 (Macintosh; Intel Mac OS X 10_11_2) AppleWebKit/537.36 (KHTML, like Gecko) Chrome/49.0.2623.87 Safari/537.36"
::1 - - [Mon, 21 Mar 2016 15:00:26 GMT] "GET /auth/provider HTTP/1.1" 302 0 "-" "Mozilla/5.0 (Macintosh; Intel Mac OS X 10_11_2) AppleWebKit/537.36 (KHTML, like Gecko) Chrome/49.0.2623.87 Safari/537.36"
::1 - - [Mon, 21 Mar 2016 15:00:27 GMT] "GET /auth/provider/callback?code=lRnr8j HTTP/1.1" 302 64 "-" "Mozilla/5.0 (Macintosh; Intel Mac OS X 10_11_2) AppleWebKit/537.36 (KHTML, like Gecko) Chrome/49.0.2623.87 Safari/537.36"
::1 - - [Mon, 21 Mar 2016 15:00:27 GMT] "GET / HTTP/1.1" 302 72 "-" "Mozilla/5.0 (Macintosh; Intel Mac OS X 10_11_2) AppleWebKit/537.36 (KHTML, like Gecko) Chrome/49.0.2623.87 Safari/537.36"
::1 - - [Mon, 21 Mar 2016 15:00:27 GMT] "GET /auth/provider HTTP/1.1" 302 0 "-" "Mozilla/5.0 (Macintosh; Intel Mac OS X 10_11_2) AppleWebKit/537.36 (KHTML, like Gecko) Chrome/49.0.2623.87 Safari/537.36"
::1 - - [Mon, 21 Mar 2016 15:00:28 GMT] "GET /auth/provider/callback?code=nhWILx HTTP/1.1" 302 64 "-" "Mozilla/5.0 (Macintosh; Intel Mac OS X 10_11_2) AppleWebKit/537.36 (KHTML, like Gecko) Chrome/49.0.2623.87 Safari/537.36"
::1 - - [Mon, 21 Mar 2016 15:00:28 GMT] "GET / HTTP/1.1" 302 72 "-" "Mozilla/5.0 (Macintosh; Intel Mac OS X 10_11_2) AppleWebKit/537.36 (KHTML, like Gecko) Chrome/49.0.2623.87 Safari/537.36"
::1 - - [Mon, 21 Mar 2016 15:00:28 GMT] "GET /auth/provider HTTP/1.1" 302 0 "-" "Mozilla/5.0 (Macintosh; Intel Mac OS X 10_11_2) AppleWebKit/537.36 (KHTML, like Gecko) Chrome/49.0.2623.87 Safari/537.36"
::1 - - [Mon, 21 Mar 2016 15:00:29 GMT] "GET /auth/provider/callback?code=zVIyS5 HTTP/1.1" 302 64 "-" "Mozilla/5.0 (Macintosh; Intel Mac OS X 10_11_2) AppleWebKit/537.36 (KHTML, like Gecko) Chrome/49.0.2623.87 Safari/537.36"
::1 - - [Mon, 21 Mar 2016 15:00:29 GMT] "GET / HTTP/1.1" 302 72 "-" "Mozilla/5.0 (Macintosh; Intel Mac OS X 10_11_2) AppleWebKit/537.36 (KHTML, like Gecko) Chrome/49.0.2623.87 Safari/537.36"
::1 - - [Mon, 21 Mar 2016 15:00:29 GMT] "GET /auth/provider HTTP/1.1" 302 0 "-" "Mozilla/5.0 (Macintosh; Intel Mac OS X 10_11_2) AppleWebKit/537.36 (KHTML, like Gecko) Chrome/49.0.2623.87 Safari/537.36"
::1 - - [Mon, 21 Mar 2016 15:00:30 GMT] "GET /auth/provider/callback?code=IrzdLX HTTP/1.1" 302 64 "-" "Mozilla/5.0 (Macintosh; Intel Mac OS X 10_11_2) AppleWebKit/537.36 (KHTML, like Gecko) Chrome/49.0.2623.87 Safari/537.36"
::1 - - [Mon, 21 Mar 2016 15:00:30 GMT] "GET / HTTP/1.1" 302 72 "-" "Mozilla/5.0 (Macintosh; Intel Mac OS X 10_11_2) AppleWebKit/537.36 (KHTML, like Gecko) Chrome/49.0.2623.87 Safari/537.36"
::1 - - [Mon, 21 Mar 2016 15:00:36 GMT] "GET /auth/provider/callback?code=1x1hwt HTTP/1.1" 302 64 "-" "Mozilla/5.0 (Macintosh; Intel Mac OS X 10_11_2) AppleWebKit/537.36 (KHTML, like Gecko) Chrome/49.0.2623.87 Safari/537.36"
::1 - - [Mon, 21 Mar 2016 15:00:36 GMT] "GET / HTTP/1.1" 302 72 "-" "Mozilla/5.0 (Macintosh; Intel Mac OS X 10_11_2) AppleWebKit/537.36 (KHTML, like Gecko) Chrome/49.0.2623.87 Safari/537.36"
::1 - - [Mon, 21 Mar 2016 15:00:36 GMT] "GET /auth/provider HTTP/1.1" 302 0 "-" "Mozilla/5.0 (Macintosh; Intel Mac OS X 10_11_2) AppleWebKit/537.36 (KHTML, like Gecko) Chrome/49.0.2623.87 Safari/537.36"
::1 - - [Mon, 21 Mar 2016 15:00:37 GMT] "GET /auth/provider/callback?code=uiSEJ2 HTTP/1.1" 302 64 "-" "Mozilla/5.0 (Macintosh; Intel Mac OS X 10_11_2) AppleWebKit/537.36 (KHTML, like Gecko) Chrome/49.0.2623.87 Safari/537.36"
::1 - - [Mon, 21 Mar 2016 15:00:37 GMT] "GET / HTTP/1.1" 302 72 "-" "Mozilla/5.0 (Macintosh; Intel Mac OS X 10_11_2) AppleWebKit/537.36 (KHTML, like Gecko) Chrome/49.0.2623.87 Safari/537.36"
::1 - - [Mon, 21 Mar 2016 15:00:37 GMT] "GET /auth/provider HTTP/1.1" 302 0 "-" "Mozilla/5.0 (Macintosh; Intel Mac OS X 10_11_2) AppleWebKit/537.36 (KHTML, like Gecko) Chrome/49.0.2623.87 Safari/537.36"
::1 - - [Mon, 21 Mar 2016 15:00:50 GMT] "GET /auth/provider/callback?code=en0Hz6 HTTP/1.1" 302 60 "-" "Mozilla/5.0 (Macintosh; Intel Mac OS X 10_11_2) AppleWebKit/537.36 (KHTML, like Gecko) Chrome/49.0.2623.87 Safari/537.36"
::1 - - [Mon, 21 Mar 2016 15:00:50 GMT] "GET / HTTP/1.1" 200 - "-" "Mozilla/5.0 (Macintosh; Intel Mac OS X 10_11_2) AppleWebKit/537.36 (KHTML, like Gecko) Chrome/49.0.2623.87 Safari/537.36"
::1 - - [Mon, 21 Mar 2016 15:00:50 GMT] "GET /dist/css/all.min.css HTTP/1.1" 200 - "http://localhost:3000/" "Mozilla/5.0 (Macintosh; Intel Mac OS X 10_11_2) AppleWebKit/537.36 (KHTML, like Gecko) Chrome/49.0.2623.87 Safari/537.36"
::1 - - [Mon, 21 Mar 2016 15:00:50 GMT] "GET /components/angular-ui-grid/ui-grid.min.css HTTP/1.1" 200 - "http://localhost:3000/" "Mozilla/5.0 (Macintosh; Intel Mac OS X 10_11_2) AppleWebKit/537.36 (KHTML, like Gecko) Chrome/49.0.2623.87 Safari/537.36"
::1 - - [Mon, 21 Mar 2016 15:00:50 GMT] "GET /components/angular-resource/angular-resource.min.js HTTP/1.1" 200 - "http://localhost:3000/" "Mozilla/5.0 (Macintosh; Intel Mac OS X 10_11_2) AppleWebKit/537.36 (KHTML, like Gecko) Chrome/49.0.2623.87 Safari/537.36"
::1 - - [Mon, 21 Mar 2016 15:00:50 GMT] "GET /components/animate.css/animate.min.css HTTP/1.1" 200 - "http://localhost:3000/" "Mozilla/5.0 (Macintosh; Intel Mac OS X 10_11_2) AppleWebKit/537.36 (KHTML, like Gecko) Chrome/49.0.2623.87 Safari/537.36"
::1 - - [Mon, 21 Mar 2016 15:00:50 GMT] "GET /components/bootstrap/dist/css/bootstrap.min.css HTTP/1.1" 200 - "http://localhost:3000/" "Mozilla/5.0 (Macintosh; Intel Mac OS X 10_11_2) AppleWebKit/537.36 (KHTML, like Gecko) Chrome/49.0.2623.87 Safari/537.36"
::1 - - [Mon, 21 Mar 2016 15:00:50 GMT] "GET /components/angular-ui-router/release/angular-ui-router.min.js HTTP/1.1" 200 - "http://localhost:3000/" "Mozilla/5.0 (Macintosh; Intel Mac OS X 10_11_2) AppleWebKit/537.36 (KHTML, like Gecko) Chrome/49.0.2623.87 Safari/537.36"
::1 - - [Mon, 21 Mar 2016 15:00:50 GMT] "GET /components/angular/angular.min.js HTTP/1.1" 200 - "http://localhost:3000/" "Mozilla/5.0 (Macintosh; Intel Mac OS X 10_11_2) AppleWebKit/537.36 (KHTML, like Gecko) Chrome/49.0.2623.87 Safari/537.36"
::1 - - [Mon, 21 Mar 2016 15:00:50 GMT] "GET /components/angular-animate/angular-animate.min.js HTTP/1.1" 200 - "http://localhost:3000/" "Mozilla/5.0 (Macintosh; Intel Mac OS X 10_11_2) AppleWebKit/537.36 (KHTML, like Gecko) Chrome/49.0.2623.87 Safari/537.36"
::1 - - [Mon, 21 Mar 2016 15:00:50 GMT] "GET /components/angular-ui-utils/ui-utils.min.js HTTP/1.1" 200 - "http://localhost:3000/" "Mozilla/5.0 (Macintosh; Intel Mac OS X 10_11_2) AppleWebKit/537.36 (KHTML, like Gecko) Chrome/49.0.2623.87 Safari/537.36"
::1 - - [Mon, 21 Mar 2016 15:00:51 GMT] "GET /components/angular-bootstrap/ui-bootstrap-tpls.min.js HTTP/1.1" 200 - "http://localhost:3000/" "Mozilla/5.0 (Macintosh; Intel Mac OS X 10_11_2) AppleWebKit/537.36 (KHTML, like Gecko) Chrome/49.0.2623.87 Safari/537.36"
::1 - - [Mon, 21 Mar 2016 15:00:51 GMT] "GET /components/angular-translate/angular-translate.min.js HTTP/1.1" 200 - "http://localhost:3000/" "Mozilla/5.0 (Macintosh; Intel Mac OS X 10_11_2) AppleWebKit/537.36 (KHTML, like Gecko) Chrome/49.0.2623.87 Safari/537.36"
::1 - - [Mon, 21 Mar 2016 15:00:51 GMT] "GET /components/angular-translate-loader-static-files/angular-translate-loader-static-files.min.js HTTP/1.1" 200 - "http://localhost:3000/" "Mozilla/5.0 (Macintosh; Intel Mac OS X 10_11_2) AppleWebKit/537.36 (KHTML, like Gecko) Chrome/49.0.2623.87 Safari/537.36"
::1 - - [Mon, 21 Mar 2016 15:00:51 GMT] "GET /components/angular-translate-loader-partial/angular-translate-loader-partial.min.js HTTP/1.1" 200 - "http://localhost:3000/" "Mozilla/5.0 (Macintosh; Intel Mac OS X 10_11_2) AppleWebKit/537.36 (KHTML, like Gecko) Chrome/49.0.2623.87 Safari/537.36"
::1 - - [Mon, 21 Mar 2016 15:00:51 GMT] "GET /components/ng-file-upload/ng-file-upload.min.js HTTP/1.1" 200 - "http://localhost:3000/" "Mozilla/5.0 (Macintosh; Intel Mac OS X 10_11_2) AppleWebKit/537.36 (KHTML, like Gecko) Chrome/49.0.2623.87 Safari/537.36"
::1 - - [Mon, 21 Mar 2016 15:00:51 GMT] "GET /components/lodash/dist/lodash.min.js HTTP/1.1" 200 - "http://localhost:3000/" "Mozilla/5.0 (Macintosh; Intel Mac OS X 10_11_2) AppleWebKit/537.36 (KHTML, like Gecko) Chrome/49.0.2623.87 Safari/537.36"
::1 - - [Mon, 21 Mar 2016 15:00:51 GMT] "GET /dist/js/all.js HTTP/1.1" 200 - "http://localhost:3000/" "Mozilla/5.0 (Macintosh; Intel Mac OS X 10_11_2) AppleWebKit/537.36 (KHTML, like Gecko) Chrome/49.0.2623.87 Safari/537.36"
::1 - - [Mon, 21 Mar 2016 15:00:51 GMT] "GET /components/angular-ui-grid/ui-grid.min.js HTTP/1.1" 200 - "http://localhost:3000/" "Mozilla/5.0 (Macintosh; Intel Mac OS X 10_11_2) AppleWebKit/537.36 (KHTML, like Gecko) Chrome/49.0.2623.87 Safari/537.36"
::1 - - [Mon, 21 Mar 2016 15:00:55 GMT] "GET /modules/case/i18n/case-zh-cn.json HTTP/1.1" 200 48 "http://localhost:3000/" "Mozilla/5.0 (Macintosh; Intel Mac OS X 10_11_2) AppleWebKit/537.36 (KHTML, like Gecko) Chrome/49.0.2623.87 Safari/537.36"
::1 - - [Mon, 21 Mar 2016 15:00:55 GMT] "GET /modules/dynamic/i18n/dynamic-zh-cn.json HTTP/1.1" 200 198 "http://localhost:3000/" "Mozilla/5.0 (Macintosh; Intel Mac OS X 10_11_2) AppleWebKit/537.36 (KHTML, like Gecko) Chrome/49.0.2623.87 Safari/537.36"
::1 - - [Mon, 21 Mar 2016 15:00:55 GMT] "GET /modules/demo/i18n/demo-zh-cn.json HTTP/1.1" 200 48 "http://localhost:3000/" "Mozilla/5.0 (Macintosh; Intel Mac OS X 10_11_2) AppleWebKit/537.36 (KHTML, like Gecko) Chrome/49.0.2623.87 Safari/537.36"
::1 - - [Mon, 21 Mar 2016 15:00:55 GMT] "GET /modules/todo/i18n/todo-zh-cn.json HTTP/1.1" 200 198 "http://localhost:3000/" "Mozilla/5.0 (Macintosh; Intel Mac OS X 10_11_2) AppleWebKit/537.36 (KHTML, like Gecko) Chrome/49.0.2623.87 Safari/537.36"
::1 - - [Mon, 21 Mar 2016 15:00:55 GMT] "GET /modules/core/i18n/core-zh-cn.json HTTP/1.1" 200 768 "http://localhost:3000/" "Mozilla/5.0 (Macintosh; Intel Mac OS X 10_11_2) AppleWebKit/537.36 (KHTML, like Gecko) Chrome/49.0.2623.87 Safari/537.36"
::1 - - [Mon, 21 Mar 2016 15:00:55 GMT] "GET /modules/core/views/templates/core.content.head.template.html HTTP/1.1" 200 699 "http://localhost:3000/" "Mozilla/5.0 (Macintosh; Intel Mac OS X 10_11_2) AppleWebKit/537.36 (KHTML, like Gecko) Chrome/49.0.2623.87 Safari/537.36"
::1 - - [Mon, 21 Mar 2016 15:00:55 GMT] "GET /modules/core/views/templates/core.toast.template.html HTTP/1.1" 200 116 "http://localhost:3000/" "Mozilla/5.0 (Macintosh; Intel Mac OS X 10_11_2) AppleWebKit/537.36 (KHTML, like Gecko) Chrome/49.0.2623.87 Safari/537.36"
::1 - - [Mon, 21 Mar 2016 15:00:55 GMT] "GET /modules/core/views/templates/core.loadingbar.template.html HTTP/1.1" 200 385 "http://localhost:3000/" "Mozilla/5.0 (Macintosh; Intel Mac OS X 10_11_2) AppleWebKit/537.36 (KHTML, like Gecko) Chrome/49.0.2623.87 Safari/537.36"
::1 - - [Mon, 21 Mar 2016 15:00:55 GMT] "GET /modules/core/views/core.header.view.html HTTP/1.1" 200 - "http://localhost:3000/" "Mozilla/5.0 (Macintosh; Intel Mac OS X 10_11_2) AppleWebKit/537.36 (KHTML, like Gecko) Chrome/49.0.2623.87 Safari/537.36"
::1 - - [Mon, 21 Mar 2016 15:00:55 GMT] "GET /modules/core/views/templates/core.menu.template.html HTTP/1.1" 200 - "http://localhost:3000/" "Mozilla/5.0 (Macintosh; Intel Mac OS X 10_11_2) AppleWebKit/537.36 (KHTML, like Gecko) Chrome/49.0.2623.87 Safari/537.36"
::1 - - [Mon, 21 Mar 2016 15:00:55 GMT] "GET /modules/demo/views/demo.view.html HTTP/1.1" 200 - "http://localhost:3000/" "Mozilla/5.0 (Macintosh; Intel Mac OS X 10_11_2) AppleWebKit/537.36 (KHTML, like Gecko) Chrome/49.0.2623.87 Safari/537.36"
::1 - - [Mon, 21 Mar 2016 15:00:55 GMT] "GET /modules/core/img/logo_128X128.png HTTP/1.1" 304 - "http://localhost:3000/" "Mozilla/5.0 (Macintosh; Intel Mac OS X 10_11_2) AppleWebKit/537.36 (KHTML, like Gecko) Chrome/49.0.2623.87 Safari/537.36"
::1 - - [Mon, 21 Mar 2016 15:00:55 GMT] "GET /modules/core/img/logo_64X64_transparent.png HTTP/1.1" 304 - "http://localhost:3000/" "Mozilla/5.0 (Macintosh; Intel Mac OS X 10_11_2) AppleWebKit/537.36 (KHTML, like Gecko) Chrome/49.0.2623.87 Safari/537.36"
::1 - - [Mon, 21 Mar 2016 15:00:55 GMT] "GET /components/bootstrap/dist/fonts/glyphicons-halflings-regular.woff2 HTTP/1.1" 200 18028 "http://localhost:3000/components/bootstrap/dist/css/bootstrap.min.css" "Mozilla/5.0 (Macintosh; Intel Mac OS X 10_11_2) AppleWebKit/537.36 (KHTML, like Gecko) Chrome/49.0.2623.87 Safari/537.36"
::1 - - [Mon, 21 Mar 2016 15:00:56 GMT] "GET /modules/core/views/templates/core.pagination.template.html HTTP/1.1" 304 - "http://localhost:3000/" "Mozilla/5.0 (Macintosh; Intel Mac OS X 10_11_2) AppleWebKit/537.36 (KHTML, like Gecko) Chrome/49.0.2623.87 Safari/537.36"
::1 - - [Mon, 21 Mar 2016 15:01:01 GMT] "GET /components/bootstrap/dist/css/bootstrap.min.css HTTP/1.1" 304 - "http://localhost:3000/" "Mozilla/5.0 (Macintosh; Intel Mac OS X 10_11_2) AppleWebKit/537.36 (KHTML, like Gecko) Chrome/49.0.2623.87 Safari/537.36"
::1 - - [Mon, 21 Mar 2016 15:01:01 GMT] "GET /components/angular-ui-grid/ui-grid.min.css HTTP/1.1" 304 - "http://localhost:3000/" "Mozilla/5.0 (Macintosh; Intel Mac OS X 10_11_2) AppleWebKit/537.36 (KHTML, like Gecko) Chrome/49.0.2623.87 Safari/537.36"
::1 - - [Mon, 21 Mar 2016 15:01:01 GMT] "GET /components/animate.css/animate.min.css HTTP/1.1" 304 - "http://localhost:3000/" "Mozilla/5.0 (Macintosh; Intel Mac OS X 10_11_2) AppleWebKit/537.36 (KHTML, like Gecko) Chrome/49.0.2623.87 Safari/537.36"
::1 - - [Mon, 21 Mar 2016 15:01:01 GMT] "GET /dist/css/all.min.css HTTP/1.1" 304 - "http://localhost:3000/" "Mozilla/5.0 (Macintosh; Intel Mac OS X 10_11_2) AppleWebKit/537.36 (KHTML, like Gecko) Chrome/49.0.2623.87 Safari/537.36"
::1 - - [Mon, 21 Mar 2016 15:01:01 GMT] "GET /components/angular-resource/angular-resource.min.js.map HTTP/1.1" 200 - "-" "Mozilla/5.0 (Macintosh; Intel Mac OS X 10_11_2) AppleWebKit/537.36 (KHTML, like Gecko) Chrome/49.0.2623.87 Safari/537.36"
::1 - - [Mon, 21 Mar 2016 15:01:01 GMT] "GET /components/angular-animate/angular-animate.min.js.map HTTP/1.1" 200 - "-" "Mozilla/5.0 (Macintosh; Intel Mac OS X 10_11_2) AppleWebKit/537.36 (KHTML, like Gecko) Chrome/49.0.2623.87 Safari/537.36"
::1 - - [Mon, 21 Mar 2016 15:01:01 GMT] "GET /components/angular/angular.min.js.map HTTP/1.1" 200 - "-" "Mozilla/5.0 (Macintosh; Intel Mac OS X 10_11_2) AppleWebKit/537.36 (KHTML, like Gecko) Chrome/49.0.2623.87 Safari/537.36"
::1 - - [Mon, 21 Mar 2016 15:01:01 GMT] "GET /components/bootstrap/dist/css/bootstrap.min.css.map HTTP/1.1" 200 - "-" "Mozilla/5.0 (Macintosh; Intel Mac OS X 10_11_2) AppleWebKit/537.36 (KHTML, like Gecko) Chrome/49.0.2623.87 Safari/537.36"
