0 info it worked if it ends with ok
1 verbose cli [ '/Users/Yan/.nvm/versions/node/v5.7.1/bin/node',
1 verbose cli   '/Users/Yan/.nvm/versions/node/v5.7.1/bin/npm',
1 verbose cli   'info' ]
2 info using npm@3.6.0
3 info using node@v5.7.1
4 silly mapToRegistry name codingera
5 silly mapToRegistry using default registry
6 silly mapToRegistry registry http://registry.npm.taobao.org/
7 silly mapToRegistry uri http://registry.npm.taobao.org/codingera
8 verbose request uri http://registry.npm.taobao.org/codingera
9 verbose request no auth needed
10 info attempt registry request try #1 at 17:59:22
11 verbose request id 09fdfc607834a166
12 http request GET http://registry.npm.taobao.org/codingera
13 http 404 http://registry.npm.taobao.org/codingera
14 verbose headers { 'content-type': 'application/json',
14 verbose headers   'cache-control': 'max-age=0',
14 verbose headers   'content-length': '2',
14 verbose headers   'accept-ranges': 'bytes',
14 verbose headers   date: 'Sun, 03 Apr 2016 09:59:23 GMT',
14 verbose headers   via: '1.1 varnish',
14 verbose headers   age: '0',
14 verbose headers   connection: 'close',
14 verbose headers   'x-served-by': 'cache-nrt6124-NRT',
14 verbose headers   'x-cache': 'MISS',
14 verbose headers   'x-cache-hits': '0',
14 verbose headers   'x-timer': 'S1459677563.539447,VS0,VE142' }
15 silly get cb [ 404,
15 silly get   { 'content-type': 'application/json',
15 silly get     'cache-control': 'max-age=0',
15 silly get     'content-length': '2',
15 silly get     'accept-ranges': 'bytes',
15 silly get     date: 'Sun, 03 Apr 2016 09:59:23 GMT',
15 silly get     via: '1.1 varnish',
15 silly get     age: '0',
15 silly get     connection: 'close',
15 silly get     'x-served-by': 'cache-nrt6124-NRT',
15 silly get     'x-cache': 'MISS',
15 silly get     'x-cache-hits': '0',
15 silly get     'x-timer': 'S1459677563.539447,VS0,VE142' } ]
16 verbose stack Error: Registry returned 404 for GET on http://registry.npm.taobao.org/codingera
16 verbose stack     at makeError (/Users/Yan/.nvm/versions/node/v5.7.1/lib/node_modules/npm/node_modules/npm-registry-client/lib/request.js:264:12)
16 verbose stack     at CachingRegistryClient.<anonymous> (/Users/Yan/.nvm/versions/node/v5.7.1/lib/node_modules/npm/node_modules/npm-registry-client/lib/request.js:242:14)
16 verbose stack     at Request._callback (/Users/Yan/.nvm/versions/node/v5.7.1/lib/node_modules/npm/node_modules/npm-registry-client/lib/request.js:172:14)
16 verbose stack     at Request.self.callback (/Users/Yan/.nvm/versions/node/v5.7.1/lib/node_modules/npm/node_modules/request/request.js:198:22)
16 verbose stack     at emitTwo (events.js:100:13)
16 verbose stack     at Request.emit (events.js:185:7)
16 verbose stack     at Request.<anonymous> (/Users/Yan/.nvm/versions/node/v5.7.1/lib/node_modules/npm/node_modules/request/request.js:1035:10)
16 verbose stack     at emitOne (events.js:95:20)
16 verbose stack     at Request.emit (events.js:182:7)
16 verbose stack     at IncomingMessage.<anonymous> (/Users/Yan/.nvm/versions/node/v5.7.1/lib/node_modules/npm/node_modules/request/request.js:962:12)
17 verbose statusCode 404
18 verbose pkgid codingera
19 verbose cwd /Users/Yan/Yan/Coding Era/git/Coding-Era/CodingEraAdmin
20 error Darwin 15.2.0
21 error argv "/Users/Yan/.nvm/versions/node/v5.7.1/bin/node" "/Users/Yan/.nvm/versions/node/v5.7.1/bin/npm" "info"
22 error node v5.7.1
23 error npm  v3.6.0
24 error code E404
25 error 404 Registry returned 404 for GET on http://registry.npm.taobao.org/codingera
26 error 404
27 error 404 'codingera' is not in the npm registry.
28 error 404 You should bug the author to publish it (or use the name yourself!)
29 error 404 Note that you can also install from a
30 error 404 tarball, folder, http url, or git url.
31 verbose exit [ 1, true ]
